htmltopdflib/build/intermediates/manifest_merge_blame_file/debug/processDebugManifest/manifest-merger-blame-debug-report.txt
1<?xml version="1.0" encoding="utf-8"?>
2<manifest xmlns:android="http://schemas.android.com/apk/res/android"
3    package="com.example.htmltopdflib" >
4
5    <uses-sdk android:minSdkVersion="27" />
6
7    <uses-permission android:name="android.permission.INTERNET" />
7-->src\main\AndroidManifest.xml:4:5-67
7-->src\main\AndroidManifest.xml:4:22-64
8
9    <application>
9-->src\main\AndroidManifest.xml:6:5-11:19
10        <activity
10-->src\main\AndroidManifest.xml:7:9-10:55
11            android:name="com.example.htmltopdflib.HtmlToPdfActivity"
11-->src\main\AndroidManifest.xml:8:13-46
12            android:exported="false"
12-->src\main\AndroidManifest.xml:9:13-37
13            android:theme="@style/Theme.HtmlsToPdf" />
13-->src\main\AndroidManifest.xml:10:13-52
14    </application>
15
16</manifest>